[INFO ] 2021-09-07 13:17:41.779 [main] SwagLabTest - Kill Existing Appium Instance
[INFO ] 2021-09-07 13:17:44.785 [main] SwagLabTest - ********Test Suit Started**********
[INFO ] 2021-09-07 13:17:44.805 [main] SwagLabTest - ********Test Case Execution Started**********
[INFO ] 2021-09-07 13:17:59.861 [main] SwagLabTest - App Started
[INFO ] 2021-09-07 13:18:04.638 [main] SwagLabTest - Login Successfull
[INFO ] 2021-09-07 13:18:07.316 [main] SwagLabTest - Product Added to Cart
[INFO ] 2021-09-07 13:18:09.590 [main] SwagLabTest - Product Checked out of Cart
[INFO ] 2021-09-07 13:18:14.926 [main] SwagLabTest - Customer Details Added Successfully
[INFO ] 2021-09-07 13:18:20.887 [main] SwagLabTest - Order Confirmed and Both Product Total and Cart Total is Validated
[INFO ] 2021-09-07 13:18:22.612 [main] SwagLabTest - ********Test Case Execution Ended**********
[INFO ] 2021-09-07 13:18:22.612 [main] SwagLabTest - ********Test Case Execution Started**********
[INFO ] 2021-09-07 13:18:36.831 [main] SwagLabTest - App Started
[INFO ] 2021-09-07 13:18:41.022 [main] SwagLabTest - Login Successfull
[INFO ] 2021-09-07 13:18:43.868 [main] SwagLabTest - Product Added to Cart
[INFO ] 2021-09-07 13:18:46.116 [main] SwagLabTest - Product Checked out of Cart
[INFO ] 2021-09-07 13:18:51.226 [main] SwagLabTest - Order Cancelled on Checkout Information Screen
[INFO ] 2021-09-07 13:18:51.278 [main] SwagLabTest - ********Test Case Execution Ended**********
[INFO ] 2021-09-07 13:18:51.279 [main] SwagLabTest - ********Test Case Execution Started**********
[INFO ] 2021-09-07 13:19:05.403 [main] SwagLabTest - App Started
[INFO ] 2021-09-07 13:19:09.681 [main] SwagLabTest - Login Successfull
[INFO ] 2021-09-07 13:19:12.351 [main] SwagLabTest - Product Added to Cart
[INFO ] 2021-09-07 13:19:14.695 [main] SwagLabTest - Product Checked out of Cart
[INFO ] 2021-09-07 13:19:19.600 [main] SwagLabTest - Customer Details Added Successfully
[INFO ] 2021-09-07 13:19:20.902 [main] SwagLabTest - Order Cancelled
[INFO ] 2021-09-07 13:19:20.956 [main] SwagLabTest - ********Test Case Execution Ended**********
[INFO ] 2021-09-07 13:19:20.957 [main] SwagLabTest - ********Test Case Execution Started**********
[INFO ] 2021-09-07 13:19:35.095 [main] SwagLabTest - App Started
[INFO ] 2021-09-07 13:19:39.696 [main] SwagLabTest - Login Successfull
[INFO ] 2021-09-07 13:19:42.474 [main] SwagLabTest - Product Added to Cart
[INFO ] 2021-09-07 13:19:44.923 [main] SwagLabTest - Continue for Shooping is Clicked on Checkout Page
[INFO ] 2021-09-07 13:19:46.761 [main] SwagLabTest - Product Added to Cart
[INFO ] 2021-09-07 13:19:51.071 [main] SwagLabTest - Product Checked out of Cart
[INFO ] 2021-09-07 13:19:56.153 [main] SwagLabTest - Customer Details Added Successfully
[INFO ] 2021-09-07 13:20:00.495 [main] SwagLabTest - Order Confirmed
[INFO ] 2021-09-07 13:20:02.178 [main] SwagLabTest - ********Test Case Execution Ended**********
[INFO ] 2021-09-07 13:20:02.179 [main] SwagLabTest - ********Test Case Execution Started**********
[INFO ] 2021-09-07 13:20:16.528 [main] SwagLabTest - App Started
[INFO ] 2021-09-07 13:20:21.140 [main] SwagLabTest - Login Successfull
[INFO ] 2021-09-07 13:20:24.008 [main] SwagLabTest - Product Added to Cart
[INFO ] 2021-09-07 13:20:27.435 [main] SwagLabTest - Product removed Checked out of Cart
[INFO ] 2021-09-07 13:20:31.845 [main] SwagLabTest - Customer Details Added Successfully
[INFO ] 2021-09-07 13:20:33.731 [main] SwagLabTest - Order Confirmed
[INFO ] 2021-09-07 13:20:35.307 [main] SwagLabTest - ********Test Case Execution Ended**********
[INFO ] 2021-09-07 13:20:35.307 [main] SwagLabTest - ********Test Case Execution Started**********
[INFO ] 2021-09-07 13:20:49.566 [main] SwagLabTest - App Started
[INFO ] 2021-09-07 13:20:54.170 [main] SwagLabTest - Login Successfull
[INFO ] 2021-09-07 13:20:58.332 [main] SwagLabTest - Multiple Product Added to Cart
[INFO ] 2021-09-07 13:21:06.730 [main] SwagLabTest - All Product removed Checked out of Cart
[INFO ] 2021-09-07 13:21:11.086 [main] SwagLabTest - Customer Details Added Successfully
[INFO ] 2021-09-07 13:21:12.901 [main] SwagLabTest - Order Confirmed
[INFO ] 2021-09-07 13:21:14.563 [main] SwagLabTest - ********Test Case Execution Ended**********
[INFO ] 2021-09-07 13:21:14.564 [main] SwagLabTest - ********Test Case Execution Started**********
[INFO ] 2021-09-07 13:21:28.736 [main] SwagLabTest - App Started
[INFO ] 2021-09-07 13:21:38.206 [main] SwagLabTest - Multiple Product Added to Cart
[INFO ] 2021-09-07 13:21:42.373 [main] SwagLabTest - Product Checked out of Cart
[INFO ] 2021-09-07 13:21:47.080 [main] SwagLabTest - Customer Details Added Successfully
[INFO ] 2021-09-07 13:21:51.655 [main] SwagLabTest - Order Confirmed
[INFO ] 2021-09-07 13:21:53.314 [main] SwagLabTest - ********Test Case Execution Ended**********
[INFO ] 2021-09-07 13:21:53.315 [main] SwagLabTest - ********Test Case Execution Started**********
[INFO ] 2021-09-07 13:22:07.537 [main] SwagLabTest - App Started
[INFO ] 2021-09-07 13:22:11.856 [main] SwagLabTest - Login Successfull
[INFO ] 2021-09-07 13:22:14.635 [main] SwagLabTest - Product Added to Cart
[INFO ] 2021-09-07 13:22:16.726 [main] SwagLabTest - Product Checked out of Cart
[INFO ] 2021-09-07 13:22:22.230 [main] SwagLabTest - Customer Details Added Successfully
[INFO ] 2021-09-07 13:22:26.737 [main] SwagLabTest - Order Confirmed
[INFO ] 2021-09-07 13:22:28.326 [main] SwagLabTest - ********Test Case Execution Ended**********
[INFO ] 2021-09-07 13:22:28.327 [main] SwagLabTest - ********Test Suit Ended**********
